# JRE version: OpenJDK Runtime Environment (8.0_152-b02) (build 1.8.0_152-release-1024-b02)
# Java VM: OpenJDK 64-Bit Server VM (25.152-b02 mixed mode windows-amd64 compressed oops)
Heap:
 PSYoungGen      total 140800K, used 88242K [0x00000000e0000000, 0x00000000ec600000, 0x0000000100000000)
  eden space 131072K, 67% used [0x00000000e0000000,0x00000000e562ca48,0x00000000e8000000)
  from space 9728K, 0% used [0x00000000e8000000,0x00000000e8000000,0x00000000e8980000)
  to   space 13824K, 0% used [0x00000000eb880000,0x00000000eb880000,0x00000000ec600000)
 ParOldGen       total 97280K, used 21494K [0x00000000a0000000, 0x00000000a5f00000, 0x00000000e0000000)
  object space 97280K, 22% used [0x00000000a0000000,0x00000000a14fdaf0,0x00000000a5f00000)
 Metaspace       used 41702K, capacity 42493K, committed 42712K, reserved 1085440K
  class space    used 5629K, capacity 5886K, committed 5888K, reserved 1048576K
GC Heap History (10 events):
Event: 7.643 GC heap before
{Heap before GC invocations=5 (full 0):
 PSYoungGen      total 71680K, used 17759K [0x00000000e0000000, 0x00000000e4b00000, 0x0000000100000000)
  eden space 66560K, 19% used [0x00000000e0000000,0x00000000e0c5fe90,0x00000000e4100000)
  from space 5120K, 99% used [0x00000000e4600000,0x00000000e4af8040,0x00000000e4b00000)
  to   space 5120K, 0% used [0x00000000e4100000,0x00000000e4100000,0x00000000e4600000)
 ParOldGen       total 87552K, used 6022K [0x00000000a0000000, 0x00000000a5580000, 0x00000000e0000000)
  object space 87552K, 6% used [0x00000000a0000000,0x00000000a05e1a50,0x00000000a5580000)
 Metaspace       used 20839K, capacity 21232K, committed 21248K, reserved 1067008K
  class space    used 2911K, capacity 3071K, committed 3072K, reserved 1048576K
Event: 7.657 GC heap after
Heap after GC invocations=5 (full 0):
 PSYoungGen      total 71680K, used 5118K [0x00000000e0000000, 0x00000000e9600000, 0x0000000100000000)
  eden space 66560K, 0% used [0x00000000e0000000,0x00000000e0000000,0x00000000e4100000)
  from space 5120K, 99% used [0x00000000e4100000,0x00000000e45ffae8,0x00000000e4600000)
  to   space 10240K, 0% used [0x00000000e8c00000,0x00000000e8c00000,0x00000000e9600000)
 ParOldGen       total 87552K, used 8410K [0x00000000a0000000, 0x00000000a5580000, 0x00000000e0000000)
  object space 87552K, 9% used [0x00000000a0000000,0x00000000a08368e8,0x00000000a5580000)
 Metaspace       used 20839K, capacity 21232K, committed 21248K, reserved 1067008K
  class space    used 2911K, capacity 3071K, committed 3072K, reserved 1048576K
}
Event: 7.657 GC heap before
{Heap before GC invocations=6 (full 1):
 PSYoungGen      total 71680K, used 5118K [0x00000000e0000000, 0x00000000e9600000, 0x0000000100000000)
  eden space 66560K, 0% used [0x00000000e0000000,0x00000000e0000000,0x00000000e4100000)
  from space 5120K, 99% used [0x00000000e4100000,0x00000000e45ffae8,0x00000000e4600000)
  to   space 10240K, 0% used [0x00000000e8c00000,0x00000000e8c00000,0x00000000e9600000)
 ParOldGen       total 87552K, used 8410K [0x00000000a0000000, 0x00000000a5580000, 0x00000000e0000000)
  object space 87552K, 9% used [0x00000000a0000000,0x00000000a08368e8,0x00000000a5580000)
 Metaspace       used 20839K, capacity 21232K, committed 21248K, reserved 1067008K
  class space    used 2911K, capacity 3071K, committed 3072K, reserved 1048576K
Event: 7.729 GC heap after
Heap after GC invocations=6 (full 1):
 PSYoungGen      total 71680K, used 0K [0x00000000e0000000, 0x00000000e9600000, 0x0000000100000000)
  eden space 66560K, 0% used [0x00000000e0000000,0x00000000e0000000,0x00000000e4100000)
  from space 5120K, 0% used [0x00000000e4100000,0x00000000e4100000,0x00000000e4600000)
  to   space 10240K, 0% used [0x00000000e8c00000,0x00000000e8c00000,0x00000000e9600000)
 ParOldGen       total 56832K, used 7980K [0x00000000a0000000, 0x00000000a3780000, 0x00000000e0000000)
  object space 56832K, 14% used [0x00000000a0000000,0x00000000a07cb2d0,0x00000000a3780000)
 Metaspace       used 20839K, capacity 21232K, committed 21248K, reserved 1067008K
  class space    used 2911K, capacity 3071K, committed 3072K, reserved 1048576K
}
Event: 9.577 GC heap before
{Heap before GC invocations=7 (full 1):
 PSYoungGen      total 71680K, used 66560K [0x00000000e0000000, 0x00000000e9600000, 0x0000000100000000)
  eden space 66560K, 100% used [0x00000000e0000000,0x00000000e4100000,0x00000000e4100000)
  from space 5120K, 0% used [0x00000000e4100000,0x00000000e4100000,0x00000000e4600000)
  to   space 10240K, 0% used [0x00000000e8c00000,0x00000000e8c00000,0x00000000e9600000)
 ParOldGen       total 56832K, used 7980K [0x00000000a0000000, 0x00000000a3780000, 0x00000000e0000000)
  object space 56832K, 14% used [0x00000000a0000000,0x00000000a07cb2d0,0x00000000a3780000)
 Metaspace       used 26447K, capacity 26984K, committed 27136K, reserved 1073152K
  class space    used 3631K, capacity 3809K, committed 3840K, reserved 1048576K
Event: 9.586 GC heap after
Heap after GC invocations=7 (full 1):
 PSYoungGen      total 115712K, used 6756K [0x00000000e0000000, 0x00000000e9300000, 0x0000000100000000)
  eden space 108544K, 0% used [0x00000000e0000000,0x00000000e0000000,0x00000000e6a00000)
  from space 7168K, 94% used [0x00000000e8c00000,0x00000000e92992b0,0x00000000e9300000)
  to   space 9728K, 0% used [0x00000000e8000000,0x00000000e8000000,0x00000000e8980000)
 ParOldGen       total 56832K, used 7988K [0x00000000a0000000, 0x00000000a3780000, 0x00000000e0000000)
  object space 56832K, 14% used [0x00000000a0000000,0x00000000a07cd2d0,0x00000000a3780000)
 Metaspace       used 26447K, capacity 26984K, committed 27136K, reserved 1073152K
  class space    used 3631K, capacity 3809K, committed 3840K, reserved 1048576K
}
Event: 14.972 GC heap before
{Heap before GC invocations=8 (full 1):
 PSYoungGen      total 115712K, used 111599K [0x00000000e0000000, 0x00000000e9300000, 0x0000000100000000)
  eden space 108544K, 96% used [0x00000000e0000000,0x00000000e6662b08,0x00000000e6a00000)
  from space 7168K, 94% used [0x00000000e8c00000,0x00000000e92992b0,0x00000000e9300000)
  to   space 9728K, 0% used [0x00000000e8000000,0x00000000e8000000,0x00000000e8980000)
 ParOldGen       total 56832K, used 7988K [0x00000000a0000000, 0x00000000a3780000, 0x00000000e0000000)
  object space 56832K, 14% used [0x00000000a0000000,0x00000000a07cd2d0,0x00000000a3780000)
 Metaspace       used 34465K, capacity 35277K, committed 35416K, reserved 1079296K
  class space    used 4747K, capacity 4992K, committed 4992K, reserved 1048576K
Event: 15.035 GC heap after
Heap after GC invocations=8 (full 1):
 PSYoungGen      total 140800K, used 9719K [0x00000000e0000000, 0x00000000ec600000, 0x0000000100000000)
  eden space 131072K, 0% used [0x00000000e0000000,0x00000000e0000000,0x00000000e8000000)
  from space 9728K, 99% used [0x00000000e8000000,0x00000000e897df30,0x00000000e8980000)
  to   space 13824K, 0% used [0x00000000eb880000,0x00000000eb880000,0x00000000ec600000)
 ParOldGen       total 56832K, used 13459K [0x00000000a0000000, 0x00000000a3780000, 0x00000000e0000000)
  object space 56832K, 23% used [0x00000000a0000000,0x00000000a0d24ff8,0x00000000a3780000)
 Metaspace       used 34465K, capacity 35277K, committed 35416K, reserved 1079296K
  class space    used 4747K, capacity 4992K, committed 4992K, reserved 1048576K
}
Event: 15.035 GC heap before
{Heap before GC invocations=9 (full 2):
 PSYoungGen      total 140800K, used 9719K [0x00000000e0000000, 0x00000000ec600000, 0x0000000100000000)
  eden space 131072K, 0% used [0x00000000e0000000,0x00000000e0000000,0x00000000e8000000)
  from space 9728K, 99% used [0x00000000e8000000,0x00000000e897df30,0x00000000e8980000)
  to   space 13824K, 0% used [0x00000000eb880000,0x00000000eb880000,0x00000000ec600000)
 ParOldGen       total 56832K, used 13459K [0x00000000a0000000, 0x00000000a3780000, 0x00000000e0000000)
  object space 56832K, 23% used [0x00000000a0000000,0x00000000a0d24ff8,0x00000000a3780000)
 Metaspace       used 34465K, capacity 35277K, committed 35416K, reserved 1079296K
  class space    used 4747K, capacity 4992K, committed 4992K, reserved 1048576K
Event: 15.233 GC heap after
Heap after GC invocations=9 (full 2):
 PSYoungGen      total 140800K, used 0K [0x00000000e0000000, 0x00000000ec600000, 0x0000000100000000)
  eden space 131072K, 0% used [0x00000000e0000000,0x00000000e0000000,0x00000000e8000000)
  from space 9728K, 0% used [0x00000000e8000000,0x00000000e8000000,0x00000000e8980000)
  to   space 13824K, 0% used [0x00000000eb880000,0x00000000eb880000,0x00000000ec600000)
 ParOldGen       total 97280K, used 21494K [0x00000000a0000000, 0x00000000a5f00000, 0x00000000e0000000)
  object space 97280K, 22% used [0x00000000a0000000,0x00000000a14fdaf0,0x00000000a5f00000)
 Metaspace       used 34442K, capacity 35189K, committed 35416K, reserved 1079296K
  class space    used 4740K, capacity 4984K, committed 4992K, reserved 1048576K
}

