# JRE version: OpenJDK Runtime Environment (8.0_152-b02) (build 1.8.0_152-release-1024-b02)
# Java VM: OpenJDK 64-Bit Server VM (25.152-b02 mixed mode windows-amd64 compressed oops)
Heap:
 PSYoungGen      total 140800K, used 56811K [0x00000000e0000000, 0x00000000ec480000, 0x0000000100000000)
  eden space 131072K, 43% used [0x00000000e0000000,0x00000000e377ae78,0x00000000e8000000)
  from space 9728K, 0% used [0x00000000e8000000,0x00000000e8000000,0x00000000e8980000)
  to   space 13312K, 0% used [0x00000000eb780000,0x00000000eb780000,0x00000000ec480000)
 ParOldGen       total 94720K, used 20474K [0x00000000a0000000, 0x00000000a5c80000, 0x00000000e0000000)
  object space 94720K, 21% used [0x00000000a0000000,0x00000000a13fe8c8,0x00000000a5c80000)
 Metaspace       used 37711K, capacity 38506K, committed 38784K, reserved 1083392K
  class space    used 5199K, capacity 5498K, committed 5504K, reserved 1048576K
GC Heap History (10 events):
Event: 4.612 GC heap before
{Heap before GC invocations=5 (full 0):
 PSYoungGen      total 71680K, used 18111K [0x00000000e0000000, 0x00000000e4b00000, 0x0000000100000000)
  eden space 66560K, 19% used [0x00000000e0000000,0x00000000e0cb7dd8,0x00000000e4100000)
  from space 5120K, 99% used [0x00000000e4600000,0x00000000e4af8040,0x00000000e4b00000)
  to   space 5120K, 0% used [0x00000000e4100000,0x00000000e4100000,0x00000000e4600000)
 ParOldGen       total 87552K, used 5856K [0x00000000a0000000, 0x00000000a5580000, 0x00000000e0000000)
  object space 87552K, 6% used [0x00000000a0000000,0x00000000a05b8230,0x00000000a5580000)
 Metaspace       used 20854K, capacity 21232K, committed 21248K, reserved 1067008K
  class space    used 2912K, capacity 3071K, committed 3072K, reserved 1048576K
Event: 4.628 GC heap after
Heap after GC invocations=5 (full 0):
 PSYoungGen      total 71680K, used 5116K [0x00000000e0000000, 0x00000000e9600000, 0x0000000100000000)
  eden space 66560K, 0% used [0x00000000e0000000,0x00000000e0000000,0x00000000e4100000)
  from space 5120K, 99% used [0x00000000e4100000,0x00000000e45ff310,0x00000000e4600000)
  to   space 10240K, 0% used [0x00000000e8c00000,0x00000000e8c00000,0x00000000e9600000)
 ParOldGen       total 87552K, used 8342K [0x00000000a0000000, 0x00000000a5580000, 0x00000000e0000000)
  object space 87552K, 9% used [0x00000000a0000000,0x00000000a0825a68,0x00000000a5580000)
 Metaspace       used 20854K, capacity 21232K, committed 21248K, reserved 1067008K
  class space    used 2912K, capacity 3071K, committed 3072K, reserved 1048576K
}
Event: 4.628 GC heap before
{Heap before GC invocations=6 (full 1):
 PSYoungGen      total 71680K, used 5116K [0x00000000e0000000, 0x00000000e9600000, 0x0000000100000000)
  eden space 66560K, 0% used [0x00000000e0000000,0x00000000e0000000,0x00000000e4100000)
  from space 5120K, 99% used [0x00000000e4100000,0x00000000e45ff310,0x00000000e4600000)
  to   space 10240K, 0% used [0x00000000e8c00000,0x00000000e8c00000,0x00000000e9600000)
 ParOldGen       total 87552K, used 8342K [0x00000000a0000000, 0x00000000a5580000, 0x00000000e0000000)
  object space 87552K, 9% used [0x00000000a0000000,0x00000000a0825a68,0x00000000a5580000)
 Metaspace       used 20854K, capacity 21232K, committed 21248K, reserved 1067008K
  class space    used 2912K, capacity 3071K, committed 3072K, reserved 1048576K
Event: 4.678 GC heap after
Heap after GC invocations=6 (full 1):
 PSYoungGen      total 71680K, used 0K [0x00000000e0000000, 0x00000000e9600000, 0x0000000100000000)
  eden space 66560K, 0% used [0x00000000e0000000,0x00000000e0000000,0x00000000e4100000)
  from space 5120K, 0% used [0x00000000e4100000,0x00000000e4100000,0x00000000e4600000)
  to   space 10240K, 0% used [0x00000000e8c00000,0x00000000e8c00000,0x00000000e9600000)
 ParOldGen       total 56832K, used 8043K [0x00000000a0000000, 0x00000000a3780000, 0x00000000e0000000)
  object space 56832K, 14% used [0x00000000a0000000,0x00000000a07dadc8,0x00000000a3780000)
 Metaspace       used 20854K, capacity 21232K, committed 21248K, reserved 1067008K
  class space    used 2912K, capacity 3071K, committed 3072K, reserved 1048576K
}
Event: 6.409 GC heap before
{Heap before GC invocations=7 (full 1):
 PSYoungGen      total 71680K, used 66560K [0x00000000e0000000, 0x00000000e9600000, 0x0000000100000000)
  eden space 66560K, 100% used [0x00000000e0000000,0x00000000e4100000,0x00000000e4100000)
  from space 5120K, 0% used [0x00000000e4100000,0x00000000e4100000,0x00000000e4600000)
  to   space 10240K, 0% used [0x00000000e8c00000,0x00000000e8c00000,0x00000000e9600000)
 ParOldGen       total 56832K, used 8043K [0x00000000a0000000, 0x00000000a3780000, 0x00000000e0000000)
  object space 56832K, 14% used [0x00000000a0000000,0x00000000a07dadc8,0x00000000a3780000)
 Metaspace       used 26502K, capacity 27048K, committed 27136K, reserved 1073152K
  class space    used 3638K, capacity 3809K, committed 3840K, reserved 1048576K
Event: 6.423 GC heap after
Heap after GC invocations=7 (full 1):
 PSYoungGen      total 115712K, used 6841K [0x00000000e0000000, 0x00000000e9300000, 0x0000000100000000)
  eden space 108544K, 0% used [0x00000000e0000000,0x00000000e0000000,0x00000000e6a00000)
  from space 7168K, 95% used [0x00000000e8c00000,0x00000000e92ae480,0x00000000e9300000)
  to   space 9728K, 0% used [0x00000000e8000000,0x00000000e8000000,0x00000000e8980000)
 ParOldGen       total 56832K, used 8051K [0x00000000a0000000, 0x00000000a3780000, 0x00000000e0000000)
  object space 56832K, 14% used [0x00000000a0000000,0x00000000a07dcdc8,0x00000000a3780000)
 Metaspace       used 26502K, capacity 27048K, committed 27136K, reserved 1073152K
  class space    used 3638K, capacity 3809K, committed 3840K, reserved 1048576K
}
Event: 8.864 GC heap before
{Heap before GC invocations=8 (full 1):
 PSYoungGen      total 115712K, used 105627K [0x00000000e0000000, 0x00000000e9300000, 0x0000000100000000)
  eden space 108544K, 91% used [0x00000000e0000000,0x00000000e6078ad0,0x00000000e6a00000)
  from space 7168K, 95% used [0x00000000e8c00000,0x00000000e92ae480,0x00000000e9300000)
  to   space 9728K, 0% used [0x00000000e8000000,0x00000000e8000000,0x00000000e8980000)
 ParOldGen       total 56832K, used 8051K [0x00000000a0000000, 0x00000000a3780000, 0x00000000e0000000)
  object space 56832K, 14% used [0x00000000a0000000,0x00000000a07dcdc8,0x00000000a3780000)
 Metaspace       used 34505K, capacity 35268K, committed 35416K, reserved 1079296K
  class space    used 4833K, capacity 5059K, committed 5120K, reserved 1048576K
Event: 8.893 GC heap after
Heap after GC invocations=8 (full 1):
 PSYoungGen      total 140800K, used 9696K [0x00000000e0000000, 0x00000000ec480000, 0x0000000100000000)
  eden space 131072K, 0% used [0x00000000e0000000,0x00000000e0000000,0x00000000e8000000)
  from space 9728K, 99% used [0x00000000e8000000,0x00000000e8978260,0x00000000e8980000)
  to   space 13312K, 0% used [0x00000000eb780000,0x00000000eb780000,0x00000000ec480000)
 ParOldGen       total 56832K, used 12487K [0x00000000a0000000, 0x00000000a3780000, 0x00000000e0000000)
  object space 56832K, 21% used [0x00000000a0000000,0x00000000a0c31d98,0x00000000a3780000)
 Metaspace       used 34505K, capacity 35268K, committed 35416K, reserved 1079296K
  class space    used 4833K, capacity 5059K, committed 5120K, reserved 1048576K
}
Event: 8.893 GC heap before
{Heap before GC invocations=9 (full 2):
 PSYoungGen      total 140800K, used 9696K [0x00000000e0000000, 0x00000000ec480000, 0x0000000100000000)
  eden space 131072K, 0% used [0x00000000e0000000,0x00000000e0000000,0x00000000e8000000)
  from space 9728K, 99% used [0x00000000e8000000,0x00000000e8978260,0x00000000e8980000)
  to   space 13312K, 0% used [0x00000000eb780000,0x00000000eb780000,0x00000000ec480000)
 ParOldGen       total 56832K, used 12487K [0x00000000a0000000, 0x00000000a3780000, 0x00000000e0000000)
  object space 56832K, 21% used [0x00000000a0000000,0x00000000a0c31d98,0x00000000a3780000)
 Metaspace       used 34505K, capacity 35268K, committed 35416K, reserved 1079296K
  class space    used 4833K, capacity 5059K, committed 5120K, reserved 1048576K
Event: 9.013 GC heap after
Heap after GC invocations=9 (full 2):
 PSYoungGen      total 140800K, used 0K [0x00000000e0000000, 0x00000000ec480000, 0x0000000100000000)
  eden space 131072K, 0% used [0x00000000e0000000,0x00000000e0000000,0x00000000e8000000)
  from space 9728K, 0% used [0x00000000e8000000,0x00000000e8000000,0x00000000e8980000)
  to   space 13312K, 0% used [0x00000000eb780000,0x00000000eb780000,0x00000000ec480000)
 ParOldGen       total 94720K, used 20474K [0x00000000a0000000, 0x00000000a5c80000, 0x00000000e0000000)
  object space 94720K, 21% used [0x00000000a0000000,0x00000000a13fe8c8,0x00000000a5c80000)
 Metaspace       used 34505K, capacity 35268K, committed 35416K, reserved 1079296K
  class space    used 4833K, capacity 5059K, committed 5120K, reserved 1048576K
}

