# JRE version: OpenJDK Runtime Environment (8.0_152-b02) (build 1.8.0_152-release-1024-b02)
# Java VM: OpenJDK 64-Bit Server VM (25.152-b02 mixed mode windows-amd64 compressed oops)
Heap:
 PSYoungGen      total 140800K, used 70784K [0x00000000e0000000, 0x00000000eba80000, 0x0000000100000000)
  eden space 131072K, 54% used [0x00000000e0000000,0x00000000e4520268,0x00000000e8000000)
  from space 9728K, 0% used [0x00000000e8000000,0x00000000e8000000,0x00000000e8980000)
  to   space 13824K, 0% used [0x00000000ead00000,0x00000000ead00000,0x00000000eba80000)
 ParOldGen       total 99840K, used 21497K [0x00000000a0000000, 0x00000000a6180000, 0x00000000e0000000)
  object space 99840K, 21% used [0x00000000a0000000,0x00000000a14fe6b0,0x00000000a6180000)
 Metaspace       used 41077K, capacity 41915K, committed 42200K, reserved 1085440K
  class space    used 5545K, capacity 5821K, committed 5888K, reserved 1048576K
GC Heap History (10 events):
Event: 4.201 GC heap before
{Heap before GC invocations=5 (full 0):
 PSYoungGen      total 71680K, used 18131K [0x00000000e0000000, 0x00000000e4b00000, 0x0000000100000000)
  eden space 66560K, 19% used [0x00000000e0000000,0x00000000e0cbcbf0,0x00000000e4100000)
  from space 5120K, 99% used [0x00000000e4600000,0x00000000e4af8040,0x00000000e4b00000)
  to   space 5120K, 0% used [0x00000000e4100000,0x00000000e4100000,0x00000000e4600000)
 ParOldGen       total 87552K, used 5904K [0x00000000a0000000, 0x00000000a5580000, 0x00000000e0000000)
  object space 87552K, 6% used [0x00000000a0000000,0x00000000a05c4160,0x00000000a5580000)
 Metaspace       used 20826K, capacity 21232K, committed 21248K, reserved 1067008K
  class space    used 2912K, capacity 3071K, committed 3072K, reserved 1048576K
Event: 4.214 GC heap after
Heap after GC invocations=5 (full 0):
 PSYoungGen      total 71680K, used 5112K [0x00000000e0000000, 0x00000000e9600000, 0x0000000100000000)
  eden space 66560K, 0% used [0x00000000e0000000,0x00000000e0000000,0x00000000e4100000)
  from space 5120K, 99% used [0x00000000e4100000,0x00000000e45fe310,0x00000000e4600000)
  to   space 10240K, 0% used [0x00000000e8c00000,0x00000000e8c00000,0x00000000e9600000)
 ParOldGen       total 87552K, used 8429K [0x00000000a0000000, 0x00000000a5580000, 0x00000000e0000000)
  object space 87552K, 9% used [0x00000000a0000000,0x00000000a083b410,0x00000000a5580000)
 Metaspace       used 20826K, capacity 21232K, committed 21248K, reserved 1067008K
  class space    used 2912K, capacity 3071K, committed 3072K, reserved 1048576K
}
Event: 4.214 GC heap before
{Heap before GC invocations=6 (full 1):
 PSYoungGen      total 71680K, used 5112K [0x00000000e0000000, 0x00000000e9600000, 0x0000000100000000)
  eden space 66560K, 0% used [0x00000000e0000000,0x00000000e0000000,0x00000000e4100000)
  from space 5120K, 99% used [0x00000000e4100000,0x00000000e45fe310,0x00000000e4600000)
  to   space 10240K, 0% used [0x00000000e8c00000,0x00000000e8c00000,0x00000000e9600000)
 ParOldGen       total 87552K, used 8429K [0x00000000a0000000, 0x00000000a5580000, 0x00000000e0000000)
  object space 87552K, 9% used [0x00000000a0000000,0x00000000a083b410,0x00000000a5580000)
 Metaspace       used 20826K, capacity 21232K, committed 21248K, reserved 1067008K
  class space    used 2912K, capacity 3071K, committed 3072K, reserved 1048576K
Event: 4.271 GC heap after
Heap after GC invocations=6 (full 1):
 PSYoungGen      total 71680K, used 0K [0x00000000e0000000, 0x00000000e9600000, 0x0000000100000000)
  eden space 66560K, 0% used [0x00000000e0000000,0x00000000e0000000,0x00000000e4100000)
  from space 5120K, 0% used [0x00000000e4100000,0x00000000e4100000,0x00000000e4600000)
  to   space 10240K, 0% used [0x00000000e8c00000,0x00000000e8c00000,0x00000000e9600000)
 ParOldGen       total 60416K, used 9824K [0x00000000a0000000, 0x00000000a3b00000, 0x00000000e0000000)
  object space 60416K, 16% used [0x00000000a0000000,0x00000000a09982f8,0x00000000a3b00000)
 Metaspace       used 20826K, capacity 21232K, committed 21248K, reserved 1067008K
  class space    used 2912K, capacity 3071K, committed 3072K, reserved 1048576K
}
Event: 5.691 GC heap before
{Heap before GC invocations=7 (full 1):
 PSYoungGen      total 71680K, used 66560K [0x00000000e0000000, 0x00000000e9600000, 0x0000000100000000)
  eden space 66560K, 100% used [0x00000000e0000000,0x00000000e4100000,0x00000000e4100000)
  from space 5120K, 0% used [0x00000000e4100000,0x00000000e4100000,0x00000000e4600000)
  to   space 10240K, 0% used [0x00000000e8c00000,0x00000000e8c00000,0x00000000e9600000)
 ParOldGen       total 60416K, used 9824K [0x00000000a0000000, 0x00000000a3b00000, 0x00000000e0000000)
  object space 60416K, 16% used [0x00000000a0000000,0x00000000a09982f8,0x00000000a3b00000)
 Metaspace       used 26482K, capacity 27048K, committed 27136K, reserved 1073152K
  class space    used 3638K, capacity 3809K, committed 3840K, reserved 1048576K
Event: 5.704 GC heap after
Heap after GC invocations=7 (full 1):
 PSYoungGen      total 112640K, used 6794K [0x00000000e0000000, 0x00000000e9300000, 0x0000000100000000)
  eden space 105472K, 0% used [0x00000000e0000000,0x00000000e0000000,0x00000000e6700000)
  from space 7168K, 94% used [0x00000000e8c00000,0x00000000e92a2b30,0x00000000e9300000)
  to   space 9728K, 0% used [0x00000000e8000000,0x00000000e8000000,0x00000000e8980000)
 ParOldGen       total 60416K, used 9832K [0x00000000a0000000, 0x00000000a3b00000, 0x00000000e0000000)
  object space 60416K, 16% used [0x00000000a0000000,0x00000000a099a2f8,0x00000000a3b00000)
 Metaspace       used 26482K, capacity 27048K, committed 27136K, reserved 1073152K
  class space    used 3638K, capacity 3809K, committed 3840K, reserved 1048576K
}
Event: 8.499 GC heap before
{Heap before GC invocations=8 (full 1):
 PSYoungGen      total 112640K, used 111237K [0x00000000e0000000, 0x00000000e9300000, 0x0000000100000000)
  eden space 105472K, 99% used [0x00000000e0000000,0x00000000e65feb90,0x00000000e6700000)
  from space 7168K, 94% used [0x00000000e8c00000,0x00000000e92a2b30,0x00000000e9300000)
  to   space 9728K, 0% used [0x00000000e8000000,0x00000000e8000000,0x00000000e8980000)
 ParOldGen       total 60416K, used 9832K [0x00000000a0000000, 0x00000000a3b00000, 0x00000000e0000000)
  object space 60416K, 16% used [0x00000000a0000000,0x00000000a099a2f8,0x00000000a3b00000)
 Metaspace       used 34461K, capacity 35277K, committed 35416K, reserved 1079296K
  class space    used 4746K, capacity 4992K, committed 4992K, reserved 1048576K
Event: 8.523 GC heap after
Heap after GC invocations=8 (full 1):
 PSYoungGen      total 140800K, used 9720K [0x00000000e0000000, 0x00000000eba80000, 0x0000000100000000)
  eden space 131072K, 0% used [0x00000000e0000000,0x00000000e0000000,0x00000000e8000000)
  from space 9728K, 99% used [0x00000000e8000000,0x00000000e897e000,0x00000000e8980000)
  to   space 13824K, 0% used [0x00000000ead00000,0x00000000ead00000,0x00000000eba80000)
 ParOldGen       total 60416K, used 15347K [0x00000000a0000000, 0x00000000a3b00000, 0x00000000e0000000)
  object space 60416K, 25% used [0x00000000a0000000,0x00000000a0efcdc8,0x00000000a3b00000)
 Metaspace       used 34461K, capacity 35277K, committed 35416K, reserved 1079296K
  class space    used 4746K, capacity 4992K, committed 4992K, reserved 1048576K
}
Event: 8.523 GC heap before
{Heap before GC invocations=9 (full 2):
 PSYoungGen      total 140800K, used 9720K [0x00000000e0000000, 0x00000000eba80000, 0x0000000100000000)
  eden space 131072K, 0% used [0x00000000e0000000,0x00000000e0000000,0x00000000e8000000)
  from space 9728K, 99% used [0x00000000e8000000,0x00000000e897e000,0x00000000e8980000)
  to   space 13824K, 0% used [0x00000000ead00000,0x00000000ead00000,0x00000000eba80000)
 ParOldGen       total 60416K, used 15347K [0x00000000a0000000, 0x00000000a3b00000, 0x00000000e0000000)
  object space 60416K, 25% used [0x00000000a0000000,0x00000000a0efcdc8,0x00000000a3b00000)
 Metaspace       used 34461K, capacity 35277K, committed 35416K, reserved 1079296K
  class space    used 4746K, capacity 4992K, committed 4992K, reserved 1048576K
Event: 8.645 GC heap after
Heap after GC invocations=9 (full 2):
 PSYoungGen      total 140800K, used 0K [0x00000000e0000000, 0x00000000eba80000, 0x0000000100000000)
  eden space 131072K, 0% used [0x00000000e0000000,0x00000000e0000000,0x00000000e8000000)
  from space 9728K, 0% used [0x00000000e8000000,0x00000000e8000000,0x00000000e8980000)
  to   space 13824K, 0% used [0x00000000ead00000,0x00000000ead00000,0x00000000eba80000)
 ParOldGen       total 99840K, used 21497K [0x00000000a0000000, 0x00000000a6180000, 0x00000000e0000000)
  object space 99840K, 21% used [0x00000000a0000000,0x00000000a14fe6b0,0x00000000a6180000)
 Metaspace       used 34438K, capacity 35189K, committed 35416K, reserved 1079296K
  class space    used 4739K, capacity 4984K, committed 4992K, reserved 1048576K
}

